<?xml version="1.0" encoding="UTF-8"?>
<!-- Generated by org.testng.reporters.JUnitReportReporter -->
<testsuite hostname="rezokuken-Insp" name="com.sysgears.calculatorserver.kernell.UTestOperations" tests="4" failures="0" timestamp="19 Apr 2013 18:53:51 GMT" time="0.009" errors="0">
  <testcase name="testAdd" time="0.009" classname="com.sysgears.calculatorserver.kernell.UTestOperations"/>
  <testcase name="testDivide" time="0.000" classname="com.sysgears.calculatorserver.kernell.UTestOperations"/>
  <testcase name="testMultiply" time="0.000" classname="com.sysgears.calculatorserver.kernell.UTestOperations"/>
  <testcase name="testDivideZeroException" time="0.000" classname="com.sysgears.calculatorserver.kernell.UTestOperations"/>
</testsuite>
