<?xml version="1.0" encoding="UTF-8"?>
<!-- Generated by org.testng.reporters.JUnitReportReporter -->
<testsuite hostname="rezokuken-Insp" name="com.sysgears.calculatorserver.server.UTestCalculationThread" tests="10" failures="0" timestamp="19 Apr 2013 18:53:51 GMT" time="0.017" errors="0">
  <testcase name="testNormalizeStatement" time="0.000" classname="com.sysgears.calculatorserver.server.UTestCalculationThread"/>
  <testcase name="testNormalizeStatement" time="0.000" classname="com.sysgears.calculatorserver.server.UTestCalculationThread"/>
  <testcase name="testNormalizeStatement" time="0.001" classname="com.sysgears.calculatorserver.server.UTestCalculationThread"/>
  <testcase name="testProcessStatement" time="0.003" classname="com.sysgears.calculatorserver.server.UTestCalculationThread"/>
  <testcase name="testNormalizeStatement" time="0.001" classname="com.sysgears.calculatorserver.server.UTestCalculationThread"/>
  <testcase name="testNormalizeStatement" time="0.000" classname="com.sysgears.calculatorserver.server.UTestCalculationThread"/>
  <testcase name="testGetAndProcessStatement" time="0.010" classname="com.sysgears.calculatorserver.server.UTestCalculationThread"/>
  <testcase name="testProcessStatement" time="0.001" classname="com.sysgears.calculatorserver.server.UTestCalculationThread"/>
  <testcase name="testGetAndProcessStatement" time="0.001" classname="com.sysgears.calculatorserver.server.UTestCalculationThread"/>
  <testcase name="testNormalizeStatement" time="0.000" classname="com.sysgears.calculatorserver.server.UTestCalculationThread"/>
</testsuite>
