<?xml version="1.0" encoding="UTF-8"?>
<!-- Generated by org.testng.reporters.JUnitReportReporter -->
<testsuite hostname="rezokuken-Insp" name="com.sysgears.calculatorserver.kernell.calculation.UTestCalculator" tests="11" failures="0" timestamp="19 Apr 2013 18:53:51 GMT" time="0.018" errors="0">
  <testcase name="validateRegExpTest" time="0.001" classname="com.sysgears.calculatorserver.kernell.calculation.UTestCalculator"/>
  <testcase name="subCalculateTest" time="0.001" classname="com.sysgears.calculatorserver.kernell.calculation.UTestCalculator"/>
  <testcase name="subCalculateTest" time="0.001" classname="com.sysgears.calculatorserver.kernell.calculation.UTestCalculator"/>
  <testcase name="findClothingBracketTest" time="0.000" classname="com.sysgears.calculatorserver.kernell.calculation.UTestCalculator"/>
  <testcase name="validateRegExpTest" time="0.000" classname="com.sysgears.calculatorserver.kernell.calculation.UTestCalculator"/>
  <testcase name="validateRegExpTest" time="0.001" classname="com.sysgears.calculatorserver.kernell.calculation.UTestCalculator"/>
  <testcase name="bracketsCalculateTest" time="0.006" classname="com.sysgears.calculatorserver.kernell.calculation.UTestCalculator"/>
  <testcase name="findClothingBracketTestIllegalArgument" time="0.000" classname="com.sysgears.calculatorserver.kernell.calculation.UTestCalculator"/>
  <testcase name="calculateStatementErrorExceptionTest" time="0.005" classname="com.sysgears.calculatorserver.kernell.calculation.UTestCalculator"/>
  <testcase name="calculateTest" time="0.002" classname="com.sysgears.calculatorserver.kernell.calculation.UTestCalculator"/>
  <testcase name="subCalculateTest" time="0.001" classname="com.sysgears.calculatorserver.kernell.calculation.UTestCalculator"/>
</testsuite>
