<?xml version="1.0" encoding="UTF-8"?>
<!-- Generated by org.testng.reporters.JUnitReportReporter -->
<testsuite hostname="rezokuken-Insp" name="com.sysgears.calculatorserver.server.UTestCalculationThreadFactory" tests="1" failures="0" timestamp="19 Apr 2013 18:53:51 GMT" time="0.000" errors="0">
  <testcase name="testCreateThread" time="0.000" classname="com.sysgears.calculatorserver.server.UTestCalculationThreadFactory"/>
</testsuite>
