<?xml version="1.0" encoding="UTF-8"?>
<!-- Generated by org.testng.reporters.JUnitReportReporter -->
<testsuite hostname="rezokuken-Insp" name="com.sysgears.calculatorserver.kernell.calculation.UTestAnswerSearcher" tests="2" failures="0" timestamp="19 Apr 2013 18:53:51 GMT" time="0.108" errors="0">
  <testcase name="testGetAnswer" time="0.001" classname="com.sysgears.calculatorserver.kernell.calculation.UTestAnswerSearcher"/>
  <testcase name="testGetAnswer" time="0.107" classname="com.sysgears.calculatorserver.kernell.calculation.UTestAnswerSearcher"/>
</testsuite>
